\BOOKMARK [0][-]{chapter.1}{\376\377\173\054\0001\172\340\000\040\137\025\212\000}{}
\BOOKMARK [1][-]{section.1.1}{\376\377\213\276\213\241\230\206\127\337}{chapter.1}
\BOOKMARK [1][-]{section.1.2}{\376\377\145\271\154\325\133\146\213\276\213\241\166\204\123\321\134\125}{chapter.1}
\BOOKMARK [1][-]{section.1.3}{\376\377\174\373\176\337\142\200\147\057\166\204\145\271\154\325}{chapter.1}
\BOOKMARK [0][-]{chapter.2}{\376\377\173\054\0002\172\340\000\040\127\372\170\100}{}
\BOOKMARK [1][-]{section.2.1}{\376\377\147\072\126\150\147\204\220\040\174\373\176\337\166\204\127\372\170\100}{chapter.2}
\BOOKMARK [1][-]{section.2.2}{\376\377\145\271\154\325\133\146\217\333\172\013\166\204\127\372\170\100}{chapter.2}
\BOOKMARK [0][-]{chapter.3}{\376\377\173\054\0003\172\340\000\040\213\276\213\241\217\307\172\013}{}
\BOOKMARK [1][-]{section.3.1}{\376\377\116\000\202\054\166\204\211\343\121\263\217\307\172\013}{chapter.3}
\BOOKMARK [1][-]{section.3.2}{\376\377\213\276\213\241\145\366\166\204\135\345\117\134\155\101\172\013}{chapter.3}
\BOOKMARK [0][-]{chapter.4}{\376\377\173\054\0004\172\340\000\040\122\066\133\232\116\247\124\301\213\241\122\022\124\214\226\020\146\016\116\373\122\241}{}
\BOOKMARK [1][-]{section.4.1}{\376\377\122\066\133\232\116\247\124\301\213\241\122\022}{chapter.4}
\BOOKMARK [1][-]{section.4.2}{\376\377\226\020\146\016\116\373\122\241\116\146}{chapter.4}
\BOOKMARK [0][-]{chapter.5}{\376\377\173\054\0005\172\340\000\040\145\271\150\110\213\276\213\241}{}
\BOOKMARK [1][-]{section.5.1}{\376\377\145\271\150\110\213\276\213\241\166\204\135\345\117\134\153\145\232\244}{chapter.5}
\BOOKMARK [1][-]{section.5.2}{\376\377\142\275\214\141\123\026\116\345\213\244\156\005\147\054\215\050}{chapter.5}
\BOOKMARK [1][-]{section.5.3}{\376\377\136\372\172\313\122\237\200\375\176\323\147\204}{chapter.5}
\BOOKMARK [1][-]{section.5.4}{\376\377\133\373\154\102\117\134\165\050\123\237\164\006}{chapter.5}
\BOOKMARK [1][-]{section.5.5}{\376\377\117\134\165\050\123\237\164\006\166\204\176\304\124\010}{chapter.5}
\BOOKMARK [1][-]{section.5.6}{\376\377\143\021\220\011\124\010\220\002\166\204\123\330\127\213}{chapter.5}
\BOOKMARK [1][-]{section.5.7}{\376\377\121\167\117\123\123\026\116\072\123\237\164\006\211\343\166\204\123\330\127\213}{chapter.5}
\BOOKMARK [1][-]{section.5.8}{\376\377\145\271\150\110\123\330\127\213\166\204\213\304\116\367}{chapter.5}
\BOOKMARK [1][-]{section.5.9}{\376\377\145\271\150\110\213\276\213\241\117\213\133\120}{chapter.5}
\BOOKMARK [0][-]{chapter.6}{\376\377\173\054\0006\172\340\000\040\142\200\147\057\213\276\213\241}{}
\BOOKMARK [1][-]{section.6.1}{\376\377\142\200\147\057\213\276\213\241\166\204\135\345\117\134\153\145\232\244}{chapter.6}
\BOOKMARK [1][-]{section.6.2}{\376\377\176\323\147\204\213\276\213\241\166\204\133\374\122\031}{chapter.6}
\BOOKMARK [1][-]{section.6.3}{\376\377\176\323\147\204\213\276\213\241\166\204\127\372\147\054\211\304\122\031}{chapter.6}
\BOOKMARK [1][-]{section.6.4}{\376\377\176\323\147\204\213\276\213\241\166\204\123\237\164\006}{chapter.6}
\BOOKMARK [1][-]{section.6.5}{\376\377\176\323\147\204\213\276\213\241\121\306\122\031}{chapter.6}
\BOOKMARK [1][-]{section.6.6}{\376\377\121\113\147\015\213\276\213\241\225\031\213\357\060\001\136\162\142\160\221\317\137\161\124\315\124\214\121\222\226\151}{chapter.6}
\BOOKMARK [1][-]{section.6.7}{\376\377\142\200\147\057\213\276\213\241\166\204\213\304\116\367}{chapter.6}
\BOOKMARK [1][-]{section.6.8}{\376\377\145\271\150\110\213\276\213\241\123\312\142\200\147\057\213\276\213\241\116\076\117\213}{chapter.6}
\BOOKMARK [0][-]{chapter.7}{\376\377\173\054\0007\172\340\000\040\174\373\122\027\116\247\124\301\124\214\176\304\124\010\116\247\124\301\166\204\137\000\123\321}{}
\BOOKMARK [1][-]{section.7.1}{\376\377\174\373\122\027\116\247\124\301}{chapter.7}
\BOOKMARK [1][-]{section.7.2}{\376\377\176\304\124\010\116\247\124\301}{chapter.7}
\BOOKMARK [0][-]{chapter.8}{\376\377\173\054\0008\172\340\000\040\145\275\135\345\213\276\213\241}{}
\BOOKMARK [1][-]{section.8.1}{\376\377\145\275\135\345\213\276\213\241\166\204\153\145\232\244}{chapter.8}
\BOOKMARK [1][-]{section.8.2}{\376\377\142\200\147\057\145\207\116\366\174\373\176\337\133\146}{chapter.8}
\BOOKMARK [1][-]{section.8.3}{\376\377\133\371\214\141\162\151\166\204\150\007\213\260}{chapter.8}
\BOOKMARK [0][-]{chapter.9}{\376\377\173\054\0009\172\340\000\040\142\020\147\054\117\060\173\227}{}
\BOOKMARK [1][-]{section.9.1}{\376\377\123\357\137\161\124\315\166\204\142\020\147\054}{chapter.9}
\BOOKMARK [1][-]{section.9.2}{\376\377\226\110\147\054\117\060\173\227\166\204\145\271\154\325}{chapter.9}
\BOOKMARK [1][-]{section.9.3}{\376\377\116\367\120\074\122\006\147\220}{chapter.9}
\BOOKMARK [1][-]{section.9.4}{\376\377\226\115\117\116\142\020\147\054\166\204\211\304\137\213}{chapter.9}
\BOOKMARK [0][-]{chapter.10}{\376\377\173\054\0001\0000\172\340\000\040\213\241\173\227\147\072\217\205\122\251\213\276\213\241}{}
\BOOKMARK [1][-]{section.10.1}{\376\377\145\160\143\156\131\004\164\006}{chapter.10}
\BOOKMARK [1][-]{section.10.2}{\376\377\213\276\213\241\124\004\226\066\153\265\116\055\213\241\173\227\147\072\166\204\117\177\165\050}{chapter.10}
\BOOKMARK [1][-]{section.10.3}{\376\377\117\177\165\050\000C\000A\000D\174\373\176\337\145\366\166\204\135\345\117\134\142\200\147\057}{chapter.10}
\BOOKMARK [1][-]{section.10.4}{\376\377\000C\000A\000D\142\200\147\057\166\204\123\357\200\375\140\047\124\214\134\100\226\120\140\047}{chapter.10}
\BOOKMARK [1][-]{section.10.5}{\376\377\000C\000A\000D\166\204\137\025\217\333}{chapter.10}
\BOOKMARK [1][-]{section.10.6}{\376\377\217\157\116\366\213\276\213\241}{chapter.10}
\BOOKMARK [0][-]{chapter.11}{\376\377\000I\000n\000d\000i\000c\000e\000s\000\040\000a\000n\000d\000\040\000t\000a\000b\000l\000e\000s}{}
